<-----------start read-player
$$$ exec p1 : [../amamy.filler]
<-----------end read-player
<-----------start read-map_size - 1
Plateau 24 40:
<-----------end read-map_size - 1 
<-----------start solo-line read-map
    0123456789012345678901234567890123456789
<xxxxxxxxxxxend solo-line read-map
<-----------start read-map
000 ........................................
001 ........................................
002 ........................................
003 ...O....................................
004 ........................................
005 ........................................
006 ........................................
007 ........................................
008 ........................................
009 ........................................
010 ........................................
011 ........................................
012 ........................................
013 ........................................
014 ........................................
015 ........................................
016 ........................................
017 ........................................
018 ........................................
019 ................................X.......
020 ........................................
021 ........................................
022 ........................................
023 ........................................
<xxxxxxxxxxx end read-map
ici
<-----------start piece size
Piece 2 3:
<-----------end piece size
<-----------strart read-piece
*..
*..
<-----------end read-piece-->

Get aim : 
data->coo[0] : 3

***** DOWN *****
Low-token : y:3	| x:7
y : 3 | x ; 7
<---------Coup : 
3 3
<-----------fin coupe
<-----------start map_size
<-----------end map_size
<-----------start solo-line read-map
    0123456789012345678901234567890123456789
<xxxxxxxxxxxend solo-line read-map
<-----------start read-map
000 ........................................
001 ........................................
002 ........................................
003 ...O....................................
004 ...O....................................
005 ........................................
006 ........................................
007 ........................................
008 ........................................
009 ........................................
010 ........................................
011 ........................................
012 ........................................
013 ........................................
014 ........................................
015 ........................................
016 ........................................
017 ........................................
018 ........................................
019 ................................X.......
020 ........................................
021 ........................................
022 ........................................
023 ........................................
<xxxxxxxxxxx end read-map
ici
<-----------start piece size
Piece 6 9:
<-----------end piece size
<-----------strart read-piece
.........
**.......
.**......
.........
.........
.........
<-----------end read-piece-->

Get aim : 
data->coo[0] : 3

***** DOWN *****
Low-token : y:4	| x:7
y : 4 | x ; 7
y : 4 | x ; 6
y : 4 | x ; 5
y : 4 | x ; 4
y : 4 | x ; 3
y : 4 | x ; 2
y : 4 | x ; 1
y : 4 | x ; 0
y : 4 | x ; -1
y : 4 | x ; -2
y : 4 | x ; -3
y : 4 | x ; -4
y : 4 | x ; -5
y : 4 | x ; -6
y : 4 | x ; -7
y : 4 | x ; -8
y : 3 | x ; 7
<---------Coup : 
3 3
<-----------fin coupe
<-----------start map_size
<-----------end map_size
<-----------start solo-line read-map
    0123456789012345678901234567890123456789
<xxxxxxxxxxxend solo-line read-map
<-----------start read-map
000 ........................................
001 ........................................
002 ........................................
003 ...O....................................
004 ...OO...................................
005 ....OO..................................
006 ........................................
007 ........................................
008 ........................................
009 ........................................
010 ........................................
011 ........................................
012 ........................................
013 ........................................
014 ........................................
015 ........................................
016 ........................................
017 ........................................
018 ........................................
019 ................................X.......
020 ........................................
021 ........................................
022 ........................................
023 ........................................
<xxxxxxxxxxx end read-map
ici
<-----------start piece size
Piece 2 2:
<-----------end piece size
<-----------strart read-piece
*.
*.
<-----------end read-piece-->

Get aim : 
data->coo[0] : 3

***** DOWN *****
Low-token : y:5	| x:9
y : 5 | x ; 9
<---------Coup : 
5 5
<-----------fin coupe
<-----------start map_size
<-----------end map_size
<-----------start solo-line read-map
    0123456789012345678901234567890123456789
<xxxxxxxxxxxend solo-line read-map
<-----------start read-map
000 ........................................
001 ........................................
002 ........................................
003 ...O....................................
004 ...OO...................................
005 ....OO..................................
006 .....O..................................
007 ........................................
008 ........................................
009 ........................................
010 ........................................
011 ........................................
012 ........................................
013 ........................................
014 ........................................
015 ........................................
016 ........................................
017 ........................................
018 ........................................
019 ................................X.......
020 ........................................
021 ........................................
022 ........................................
023 ........................................
<xxxxxxxxxxx end read-map
ici
<-----------start piece size
Piece 1 2:
<-----------end piece size
<-----------strart read-piece
**
<-----------end read-piece-->

Get aim : 
data->coo[0] : 5

***** DOWN *****
Low-token : y:6	| x:9
y : 6 | x ; 9
<---------Coup : 
6 5
<-----------fin coupe
<-----------start map_size
<-----------end map_size
<-----------start solo-line read-map
    0123456789012345678901234567890123456789
<xxxxxxxxxxxend solo-line read-map
<-----------start read-map
000 ........................................
001 ........................................
002 ........................................
003 ...O....................................
004 ...OO...................................
005 ....OO..................................
006 .....OO.................................
007 ........................................
008 ........................................
009 ........................................
010 ........................................
011 ........................................
012 ........................................
013 ........................................
014 ........................................
015 ........................................
016 ........................................
017 ........................................
018 ........................................
019 ................................X.......
020 ........................................
021 ........................................
022 ........................................
023 ........................................
<xxxxxxxxxxx end read-map
ici
<-----------start piece size
Piece 3 5:
<-----------end piece size
<-----------strart read-piece
*****
..*..
..*..
<-----------end read-piece-->

Get aim : 
data->coo[0] : 6

***** DOWN *****
Low-token : y:6	| x:10
y : 6 | x ; 10
<---------Coup : 
6 6
<-----------fin coupe
<-----------start map_size
<-----------end map_size
<-----------start solo-line read-map
    0123456789012345678901234567890123456789
<xxxxxxxxxxxend solo-line read-map
<-----------start read-map
000 ........................................
001 ........................................
002 ........................................
003 ...O....................................
004 ...OO...................................
005 ....OO..................................
006 .....OOOOOO.............................
007 ........O...............................
008 ........O...............................
009 ........................................
010 ........................................
011 ........................................
012 ........................................
013 ........................................
014 ........................................
015 ........................................
016 ........................................
017 ........................................
018 ........................................
019 ................................X.......
020 ........................................
021 ........................................
022 ........................................
023 ........................................
<xxxxxxxxxxx end read-map
ici
<-----------start piece size
Piece 4 1:
<-----------end piece size
<-----------strart read-piece
*
*
*
.
<-----------end read-piece-->

Get aim : 
data->coo[0] : 6

***** DOWN *****
Low-token : y:8	| x:12
y : 8 | x ; 12
<---------Coup : 
8 8
<-----------fin coupe
<-----------start map_size
<-----------end map_size
<-----------start solo-line read-map
    0123456789012345678901234567890123456789
<xxxxxxxxxxxend solo-line read-map
<-----------start read-map
000 ........................................
001 ........................................
002 ........................................
003 ...O....................................
004 ...OO...................................
005 ....OO..................................
006 .....OOOOOO.............................
007 ........O...............................
008 ........O...............................
009 ........O...............................
010 ........O...............................
011 ........................................
012 ........................................
013 ........................................
014 ........................................
015 ........................................
016 ........................................
017 ........................................
018 ........................................
019 ................................X.......
020 ........................................
021 ........................................
022 ........................................
023 ........................................
<xxxxxxxxxxx end read-map
ici
<-----------start piece size
Piece 3 5:
<-----------end piece size
<-----------strart read-piece
.....
.*...
**...
<-----------end read-piece-->

Get aim : 
data->coo[0] : 8

***** DOWN *****
Low-token : y:10	| x:12
y : 10 | x ; 12
y : 10 | x ; 11
y : 10 | x ; 10
y : 10 | x ; 9
y : 10 | x ; 8
y : 10 | x ; 7
y : 10 | x ; 6
y : 10 | x ; 5
y : 10 | x ; 4
y : 10 | x ; 3
y : 10 | x ; 2
y : 10 | x ; 1
y : 10 | x ; 0
y : 10 | x ; -1
y : 10 | x ; -2
y : 10 | x ; -3
y : 10 | x ; -4
y : 9 | x ; 12
y : 9 | x ; 11
<---------Coup : 
9 7
<-----------fin coupe
<-----------start map_size
<-----------end map_size
<-----------start solo-line read-map
    0123456789012345678901234567890123456789
<xxxxxxxxxxxend solo-line read-map
<-----------start read-map
000 ........................................
001 ........................................
002 ........................................
003 ...O....................................
004 ...OO...................................
005 ....OO..................................
006 .....OOOOOO.............................
007 ........O...............................
008 ........O...............................
009 ........O...............................
010 ........O...............................
011 .......OO...............................
012 ........................................
013 ........................................
014 ........................................
015 ........................................
016 ........................................
017 ........................................
018 ........................................
019 ................................X.......
020 ........................................
021 ........................................
022 ........................................
023 ........................................
<xxxxxxxxxxx end read-map
ici
<-----------start piece size
Piece 1 6:
<-----------end piece size
<-----------strart read-piece
....**
<-----------end read-piece-->

Get aim : 
data->coo[0] : 9

***** CUT *****<---------Coup : 
11 2
<-----------fin coupe
<-----------start map_size
<-----------end map_size
<-----------start solo-line read-map
    0123456789012345678901234567890123456789
<xxxxxxxxxxxend solo-line read-map
<-----------start read-map
000 ........................................
001 ........................................
002 ........................................
003 ...O....................................
004 ...OO...................................
005 ....OO..................................
006 .....OOOOOO.............................
007 ........O...............................
008 ........O...............................
009 ........O...............................
010 ........O...............................
011 ......OOO...............................
012 ........................................
013 ........................................
014 ........................................
015 ........................................
016 ........................................
017 ........................................
018 ........................................
019 ................................X.......
020 ........................................
021 ........................................
022 ........................................
023 ........................................
<xxxxxxxxxxx end read-map
ici
<-----------start piece size
Piece 4 4:
<-----------end piece size
<-----------strart read-piece
.*..
.*..
****
*...
<-----------end read-piece-->

Get aim : 
data->coo[0] : 11

GO FOR FILL
<---------Coup : 
11 5
<-----------fin coupe
<-----------start map_size
<-----------end map_size
<-----------start solo-line read-map
    0123456789012345678901234567890123456789
<xxxxxxxxxxxend solo-line read-map
<-----------start read-map
000 ........................................
001 ........................................
002 ........................................
003 ...O....................................
004 ...OO...................................
005 ....OO..................................
006 .....OOOOOO.............................
007 ........O...............................
008 ........O...............................
009 ........O...............................
010 ........O...............................
011 ......OOO...............................
012 ......O.................................
013 .....OOOO...............................
014 .....O..................................
015 ........................................
016 ........................................
017 ........................................
018 ........................................
019 ................................X.......
020 ........................................
021 ........................................
022 ........................................
023 ........................................
<xxxxxxxxxxx end read-map
ici
<-----------start piece size
Piece 1 4:
<-----------end piece size
<-----------strart read-piece
..**
<-----------end read-piece-->

Get aim : 
data->coo[0] : 11

GO FOR FILL
<---------Coup : 
12 3
<-----------fin coupe
<-----------start map_size
<-----------end map_size
<-----------start solo-line read-map
    0123456789012345678901234567890123456789
<xxxxxxxxxxxend solo-line read-map
<-----------start read-map
000 ........................................
001 ........................................
002 ........................................
003 ...O....................................
004 ...OO...................................
005 ....OO..................................
006 .....OOOOOO.............................
007 ........O...............................
008 ........O...............................
009 ........O...............................
010 ........O...............................
011 ......OOO...............................
012 .....OO.................................
013 .....OOOO...............................
014 .....O..................................
015 ........................................
016 ........................................
017 ........................................
018 ........................................
019 ................................X.......
020 ........................................
021 ........................................
022 ........................................
023 ........................................
<xxxxxxxxxxx end read-map
ici
<-----------start piece size
Piece 1 6:
<-----------end piece size
<-----------strart read-piece
....**
<-----------end read-piece-->

Get aim : 
data->coo[0] : 12

GO FOR FILL
<---------Coup : 
12 0
<-----------fin coupe
<-----------start map_size
<-----------end map_size
<-----------start solo-line read-map
    0123456789012345678901234567890123456789
<xxxxxxxxxxxend solo-line read-map
<-----------start read-map
000 ........................................
001 ........................................
002 ........................................
003 ...O....................................
004 ...OO...................................
005 ....OO..................................
006 .....OOOOOO.............................
007 ........O...............................
008 ........O...............................
009 ........O...............................
010 ........O...............................
011 ......OOO...............................
012 ....OOO.................................
013 .....OOOO...............................
014 .....O..................................
015 ........................................
016 ........................................
017 ........................................
018 ........................................
019 ................................X.......
020 ........................................
021 ........................................
022 ........................................
023 ........................................
<xxxxxxxxxxx end read-map
ici
<-----------start piece size
Piece 1 6:
<-----------end piece size
<-----------strart read-piece
....**
<-----------end read-piece-->

Get aim : 
data->coo[0] : 12

GO FOR FILL
<---------Coup : 
12 -1
<-----------fin coupe
<-----------start map_size
<-----------end map_size
<-----------start solo-line read-map
    0123456789012345678901234567890123456789
<xxxxxxxxxxxend solo-line read-map
<-----------start read-map
000 ........................................
001 ........................................
002 ........................................
003 ...O....................................
004 ...OO...................................
005 ....OO..................................
006 .....OOOOOO.............................
007 ........O...............................
008 ........O...............................
009 ........O...............................
010 ........O...............................
011 ......OOO...............................
012 ...OOOO.................................
013 .....OOOO...............................
014 .....O..................................
015 ........................................
016 ........................................
017 ........................................
018 ........................................
019 ................................X.......
020 ........................................
021 ........................................
022 ........................................
023 ........................................
<xxxxxxxxxxx end read-map
ici
<-----------start piece size
Piece 2 4:
<-----------end piece size
<-----------strart read-piece
.**.
.***
<-----------end read-piece-->

Get aim : 
data->coo[0] : 12

GO FOR FILL
<---------Coup : 
12 1
<-----------fin coupe
<-----------start map_size
<-----------end map_size
<-----------start solo-line read-map
    0123456789012345678901234567890123456789
<xxxxxxxxxxxend solo-line read-map
<-----------start read-map
000 ........................................
001 ........................................
002 ........................................
003 ...O....................................
004 ...OO...................................
005 ....OO..................................
006 .....OOOOOO.............................
007 ........O...............................
008 ........O...............................
009 ........O...............................
010 ........O...............................
011 ......OOO...............................
012 ..OOOOO.................................
013 ..OOOOOOO...............................
014 .....O..................................
015 ........................................
016 ........................................
017 ........................................
018 ........................................
019 ................................X.......
020 ........................................
021 ........................................
022 ........................................
023 ........................................
<xxxxxxxxxxx end read-map
ici
<-----------start piece size
Piece 1 4:
<-----------end piece size
<-----------strart read-piece
.***
<-----------end read-piece-->

Get aim : 
data->coo[0] : 12

GO FOR FILL
<---------Coup : 
12 -1
<-----------fin coupe
<-----------start map_size
<-----------end map_size
<-----------start solo-line read-map
    0123456789012345678901234567890123456789
<xxxxxxxxxxxend solo-line read-map
<-----------start read-map
000 ........................................
001 ........................................
002 ........................................
003 ...O....................................
004 ...OO...................................
005 ....OO..................................
006 .....OOOOOO.............................
007 ........O...............................
008 ........O...............................
009 ........O...............................
010 ........O...............................
011 ......OOO...............................
012 OOOOOOO.................................
013 ..OOOOOOO...............................
014 .....O..................................
015 ........................................
016 ........................................
017 ........................................
018 ........................................
019 ................................X.......
020 ........................................
021 ........................................
022 ........................................
023 ........................................
<xxxxxxxxxxx end read-map
ici
<-----------start piece size
Piece 3 4:
<-----------end piece size
<-----------strart read-piece
**..
....
....
<-----------end read-piece-->

Get aim : 
data->coo[0] : 12

GO FOR FILL
<---------Coup : 
12 6
<-----------fin coupe
<-----------start map_size
<-----------end map_size
<-----------start solo-line read-map
    0123456789012345678901234567890123456789
<xxxxxxxxxxxend solo-line read-map
<-----------start read-map
000 ........................................
001 ........................................
002 ........................................
003 ...O....................................
004 ...OO...................................
005 ....OO..................................
006 .....OOOOOO.............................
007 ........O...............................
008 ........O...............................
009 ........O...............................
010 ........O...............................
011 ......OOO...............................
012 OOOOOOOO................................
013 ..OOOOOOO...............................
014 .....O..................................
015 ........................................
016 ........................................
017 ........................................
018 ........................................
019 ................................X.......
020 ........................................
021 ........................................
022 ........................................
023 ........................................
<xxxxxxxxxxx end read-map
ici
<-----------start piece size
Piece 1 7:
<-----------end piece size
<-----------strart read-piece
.*****.
<-----------end read-piece-->

Get aim : 
data->coo[0] : 12

GO FOR FILL
<---------Coup : 
12 6
<-----------fin coupe
<-----------start map_size
<-----------end map_size
<-----------start solo-line read-map
    0123456789012345678901234567890123456789
<xxxxxxxxxxxend solo-line read-map
<-----------start read-map
000 ........................................
001 ........................................
002 ........................................
003 ...O....................................
004 ...OO...................................
005 ....OO..................................
006 .....OOOOOO.............................
007 ........O...............................
008 ........O...............................
009 ........O...............................
010 ........O...............................
011 ......OOO...............................
012 OOOOOOOOOOOO............................
013 ..OOOOOOO...............................
014 .....O..................................
015 ........................................
016 ........................................
017 ........................................
018 ........................................
019 ................................X.......
020 ........................................
021 ........................................
022 ........................................
023 ........................................
<xxxxxxxxxxx end read-map
ici
<-----------start piece size
Piece 10 14:
<-----------end piece size
<-----------strart read-piece
..............
..............
..............
.......*......
.......****...
..............
..............
..............
..............
..............
<-----------end read-piece-->

Get aim : 
data->coo[0] : 12

GO FOR FILL
<---------Coup : 
11 -2
<-----------fin coupe
<-----------start map_size
<-----------end map_size
<-----------start solo-line read-map
    0123456789012345678901234567890123456789
<xxxxxxxxxxxend solo-line read-map
<-----------start read-map
000 ........................................
001 ........................................
002 ........................................
003 ...O....................................
004 ...OO...................................
005 ....OO..................................
006 .....OOOOOO.............................
007 ........O...............................
008 ........O...............................
009 ........O...............................
010 ........O...............................
011 ......OOO...............................
012 OOOOOOOOOOOO............................
013 ..OOOOOOO...............................
014 .....O..................................
015 .....OOOO...............................
016 ........................................
017 ........................................
018 ........................................
019 ................................X.......
020 ........................................
021 ........................................
022 ........................................
023 ........................................
<xxxxxxxxxxx end read-map
ici
<-----------start piece size
Piece 1 4:
<-----------end piece size
<-----------strart read-piece
**..
<-----------end read-piece-->

Get aim : 
data->coo[0] : 11

GO FOR FILL
<---------Coup : 
12 11
<-----------fin coupe
<-----------start map_size
<-----------end map_size
<-----------start solo-line read-map
    0123456789012345678901234567890123456789
<xxxxxxxxxxxend solo-line read-map
<-----------start read-map
000 ........................................
001 ........................................
002 ........................................
003 ...O....................................
004 ...OO...................................
005 ....OO..................................
006 .....OOOOOO.............................
007 ........O...............................
008 ........O...............................
009 ........O...............................
010 ........O...............................
011 ......OOO...............................
012 OOOOOOOOOOOOO...........................
013 ..OOOOOOO...............................
014 .....O..................................
015 .....OOOO...............................
016 ........................................
017 ........................................
018 ........................................
019 ................................X.......
020 ........................................
021 ........................................
022 ........................................
023 ........................................
<xxxxxxxxxxx end read-map
ici
<-----------start piece size
Piece 4 1:
<-----------end piece size
<-----------strart read-piece
.
.
*
*
<-----------end read-piece-->

Get aim : 
data->coo[0] : 12

GO FOR FILL
<---------Coup : 
12 6
<-----------fin coupe
<-----------start map_size
<-----------end map_size
<-----------start solo-line read-map
    0123456789012345678901234567890123456789
<xxxxxxxxxxxend solo-line read-map
<-----------start read-map
000 ........................................
001 ........................................
002 ........................................
003 ...O....................................
004 ...OO...................................
005 ....OO..................................
006 .....OOOOOO.............................
007 ........O...............................
008 ........O...............................
009 ........O...............................
010 ........O...............................
011 ......OOO...............................
012 OOOOOOOOOOOOO...........................
013 ..OOOOOOO...............................
014 .....OO.................................
015 .....OOOO...............................
016 ........................................
017 ........................................
018 ........................................
019 ................................X.......
020 ........................................
021 ........................................
022 ........................................
023 ........................................
<xxxxxxxxxxx end read-map
ici
<-----------start piece size
Piece 3 4:
<-----------end piece size
<-----------strart read-piece
.*..
****
.**.
<-----------end read-piece-->

Get aim : 
data->coo[0] : 12

GO FOR FILL
<---------Coup : 
12 9
<-----------fin coupe
<-----------start map_size
<-----------end map_size
<-----------start solo-line read-map
    0123456789012345678901234567890123456789
<xxxxxxxxxxxend solo-line read-map
<-----------start read-map
000 ........................................
001 ........................................
002 ........................................
003 ...O....................................
004 ...OO...................................
005 ....OO..................................
006 .....OOOOOO.............................
007 ........O...............................
008 ........O...............................
009 ........O...............................
010 ........O...............................
011 ......OOO...............................
012 OOOOOOOOOOOOO...........................
013 ..OOOOOOOOOOO...........................
014 .....OO...OO............................
015 .....OOOO...............................
016 ........................................
017 ........................................
018 ........................................
019 ................................X.......
020 ........................................
021 ........................................
022 ........................................
023 ........................................
<xxxxxxxxxxx end read-map
ici
<-----------start piece size
Piece 2 4:
<-----------end piece size
<-----------strart read-piece
***.
****
<-----------end read-piece-->

Get aim : 
data->coo[0] : 12

GO FOR FILL
<---------Coup : 
11 12
<-----------fin coupe
<-----------start map_size
<-----------end map_size
<-----------start solo-line read-map
    0123456789012345678901234567890123456789
<xxxxxxxxxxxend solo-line read-map
<-----------start read-map
000 ........................................
001 ........................................
002 ........................................
003 ...O....................................
004 ...OO...................................
005 ....OO..................................
006 .....OOOOOO.............................
007 ........O...............................
008 ........O...............................
009 ........O...............................
010 ........O...............................
011 ......OOO...OOO.........................
012 OOOOOOOOOOOOOOOO........................
013 ..OOOOOOOOOOO...........................
014 .....OO...OO............................
015 .....OOOO...............................
016 ........................................
017 ........................................
018 ........................................
019 ................................X.......
020 ........................................
021 ........................................
022 ........................................
023 ........................................
<xxxxxxxxxxx end read-map
ici
<-----------start piece size
Piece 3 5:
<-----------end piece size
<-----------strart read-piece
.**..
.....
.....
<-----------end read-piece-->

Get aim : 
data->coo[0] : 11

GO FOR FILL
<---------Coup : 
12 14
<-----------fin coupe
<-----------start map_size
<-----------end map_size
<-----------start solo-line read-map
    0123456789012345678901234567890123456789
<xxxxxxxxxxxend solo-line read-map
<-----------start read-map
000 ........................................
001 ........................................
002 ........................................
003 ...O....................................
004 ...OO...................................
005 ....OO..................................
006 .....OOOOOO.............................
007 ........O...............................
008 ........O...............................
009 ........O...............................
010 ........O...............................
011 ......OOO...OOO.........................
012 OOOOOOOOOOOOOOOOO.......................
013 ..OOOOOOOOOOO...........................
014 .....OO...OO............................
015 .....OOOO...............................
016 ........................................
017 ........................................
018 ........................................
019 ................................X.......
020 ........................................
021 ........................................
022 ........................................
023 ........................................
<xxxxxxxxxxx end read-map
ici
<-----------start piece size
Piece 1 4:
<-----------end piece size
<-----------strart read-piece
..**
<-----------end read-piece-->

Get aim : 
data->coo[0] : 12

GO FOR FILL
<---------Coup : 
12 14
<-----------fin coupe
<-----------start map_size
<-----------end map_size
<-----------start solo-line read-map
    0123456789012345678901234567890123456789
<xxxxxxxxxxxend solo-line read-map
<-----------start read-map
000 ........................................
001 ........................................
002 ........................................
003 ...O....................................
004 ...OO...................................
005 ....OO..................................
006 .....OOOOOO.............................
007 ........O...............................
008 ........O...............................
009 ........O...............................
010 ........O...............................
011 ......OOO...OOO.........................
012 OOOOOOOOOOOOOOOOOO......................
013 ..OOOOOOOOOOO...........................
014 .....OO...OO............................
015 .....OOOO...............................
016 ........................................
017 ........................................
018 ........................................
019 ................................X.......
020 ........................................
021 ........................................
022 ........................................
023 ........................................
<xxxxxxxxxxx end read-map
ici
<-----------start piece size
Piece 3 4:
<-----------end piece size
<-----------strart read-piece
..*.
****
..*.
<-----------end read-piece-->

Get aim : 
data->coo[0] : 12

GO FOR FILL
<---------Coup : 
12 13
<-----------fin coupe
<-----------start map_size
<-----------end map_size
<-----------start solo-line read-map
    0123456789012345678901234567890123456789
<xxxxxxxxxxxend solo-line read-map
<-----------start read-map
000 ........................................
001 ........................................
002 ........................................
003 ...O....................................
004 ...OO...................................
005 ....OO..................................
006 .....OOOOOO.............................
007 ........O...............................
008 ........O...............................
009 ........O...............................
010 ........O...............................
011 ......OOO...OOO.........................
012 OOOOOOOOOOOOOOOOOO......................
013 ..OOOOOOOOOOOOOOO.......................
014 .....OO...OO...O........................
015 .....OOOO...............................
016 ........................................
017 ........................................
018 ........................................
019 ................................X.......
020 ........................................
021 ........................................
022 ........................................
023 ........................................
<xxxxxxxxxxx end read-map
ici
<-----------start piece size
Piece 3 7:
<-----------end piece size
<-----------strart read-piece
.......
..**...
.***...
<-----------end read-piece-->

Get aim : 
data->coo[0] : 12

GO FOR FILL
<---------Coup : 
12 -1
<-----------fin coupe
<-----------start map_size
<-----------end map_size
<-----------start solo-line read-map
    0123456789012345678901234567890123456789
<xxxxxxxxxxxend solo-line read-map
<-----------start read-map
000 ........................................
001 ........................................
002 ........................................
003 ...O....................................
004 ...OO...................................
005 ....OO..................................
006 .....OOOOOO.............................
007 ........O...............................
008 ........O...............................
009 ........O...............................
010 ........O...............................
011 ......OOO...OOO.........................
012 OOOOOOOOOOOOOOOOOO......................
013 .OOOOOOOOOOOOOOOO.......................
014 OOO..OO...OO...O........................
015 .....OOOO...............................
016 ........................................
017 ........................................
018 ........................................
019 ................................X.......
020 ........................................
021 ........................................
022 ........................................
023 ........................................
<xxxxxxxxxxx end read-map
ici
<-----------start piece size
Piece 2 1:
<-----------end piece size
<-----------strart read-piece
*
*
<-----------end read-piece-->

Get aim : 
data->coo[0] : 12

GO FOR FILL
<---------Coup : 
12 0
<-----------fin coupe
<-----------start map_size
<-----------end map_size
<-----------start solo-line read-map
    0123456789012345678901234567890123456789
<xxxxxxxxxxxend solo-line read-map
<-----------start read-map
000 ........................................
001 ........................................
002 ........................................
003 ...O....................................
004 ...OO...................................
005 ....OO..................................
006 .....OOOOOO.............................
007 ........O...............................
008 ........O...............................
009 ........O...............................
010 ........O...............................
011 ......OOO...OOO.........................
012 OOOOOOOOOOOOOOOOOO......................
013 OOOOOOOOOOOOOOOOO.......................
014 OOO..OO...OO...O........................
015 .....OOOO...............................
016 ........................................
017 ........................................
018 ........................................
019 ................................X.......
020 ........................................
021 ........................................
022 ........................................
023 ........................................
<xxxxxxxxxxx end read-map
ici
<-----------start piece size
Piece 4 4:
<-----------end piece size
<-----------strart read-piece
....
**..
.*..
....
<-----------end read-piece-->

Get aim : 
data->coo[0] : 12

GO FOR FILL
<---------Coup : 
12 16
<-----------fin coupe
<-----------start map_size
<-----------end map_size
<-----------start solo-line read-map
    0123456789012345678901234567890123456789
<xxxxxxxxxxxend solo-line read-map
<-----------start read-map
000 ........................................
001 ........................................
002 ........................................
003 ...O....................................
004 ...OO...................................
005 ....OO..................................
006 .....OOOOOO.............................
007 ........O...............................
008 ........O...............................
009 ........O...............................
010 ........O...............................
011 ......OOO...OOO.........................
012 OOOOOOOOOOOOOOOOOO......................
013 OOOOOOOOOOOOOOOOOO......................
014 OOO..OO...OO...O.O......................
015 .....OOOO...............................
016 ........................................
017 ........................................
018 ........................................
019 ................................X.......
020 ........................................
021 ........................................
022 ........................................
023 ........................................
<xxxxxxxxxxx end read-map
ici
<-----------start piece size
Piece 4 4:
<-----------end piece size
<-----------strart read-piece
....
*...
*...
*...
<-----------end read-piece-->

Get aim : 
data->coo[0] : 12

GO FOR FILL
<---------Coup : 
12 3
<-----------fin coupe
<-----------start map_size
<-----------end map_size
<-----------start solo-line read-map
    0123456789012345678901234567890123456789
<xxxxxxxxxxxend solo-line read-map
<-----------start read-map
000 ........................................
001 ........................................
002 ........................................
003 ...O....................................
004 ...OO...................................
005 ....OO..................................
006 .....OOOOOO.............................
007 ........O...............................
008 ........O...............................
009 ........O...............................
010 ........O...............................
011 ......OOO...OOO.........................
012 OOOOOOOOOOOOOOOOOO......................
013 OOOOOOOOOOOOOOOOOO......................
014 OOOO.OO...OO...O.O......................
015 ...O.OOOO...............................
016 ........................................
017 ........................................
018 ........................................
019 ................................X.......
020 ........................................
021 ........................................
022 ........................................
023 ........................................
<xxxxxxxxxxx end read-map
ici
<-----------start piece size
Piece 4 7:
<-----------end piece size
<-----------strart read-piece
...**..
...***.
....**.
.......
<-----------end read-piece-->

Get aim : 
data->coo[0] : 12

GO FOR FILL
<---------Coup : 
11 14
<-----------fin coupe
<-----------start map_size
<-----------end map_size
<-----------start solo-line read-map
    0123456789012345678901234567890123456789
<xxxxxxxxxxxend solo-line read-map
<-----------start read-map
000 ........................................
001 ........................................
002 ........................................
003 ...O....................................
004 ...OO...................................
005 ....OO..................................
006 .....OOOOOO.............................
007 ........O...............................
008 ........O...............................
009 ........O...............................
010 ........O...............................
011 ......OOO...OOO..OO.....................
012 OOOOOOOOOOOOOOOOOOOO....................
013 OOOOOOOOOOOOOOOOOOOO....................
014 OOOO.OO...OO...O.O......................
015 ...O.OOOO...............................
016 ........................................
017 ........................................
018 ........................................
019 ................................X.......
020 ........................................
021 ........................................
022 ........................................
023 ........................................
<xxxxxxxxxxx end read-map
ici
<-----------start piece size
Piece 2 6:
<-----------end piece size
<-----------strart read-piece
..***.
...**.
<-----------end read-piece-->

Get aim : 
data->coo[0] : 11

GO FOR FILL
<---------Coup : 
12 17
<-----------fin coupe
<-----------start map_size
<-----------end map_size
<-----------start solo-line read-map
    0123456789012345678901234567890123456789
<xxxxxxxxxxxend solo-line read-map
<-----------start read-map
000 ........................................
001 ........................................
002 ........................................
003 ...O....................................
004 ...OO...................................
005 ....OO..................................
006 .....OOOOOO.............................
007 ........O...............................
008 ........O...............................
009 ........O...............................
010 ........O...............................
011 ......OOO...OOO..OO.....................
012 OOOOOOOOOOOOOOOOOOOOOO..................
013 OOOOOOOOOOOOOOOOOOOOOO..................
014 OOOO.OO...OO...O.O......................
015 ...O.OOOO...............................
016 ........................................
017 ........................................
018 ........................................
019 ................................X.......
020 ........................................
021 ........................................
022 ........................................
023 ........................................
<xxxxxxxxxxx end read-map
ici
<-----------start piece size
Piece 1 6:
<-----------end piece size
<-----------strart read-piece
..****
<-----------end read-piece-->

Get aim : 
data->coo[0] : 12

GO FOR FILL
<---------Coup : 
12 19
<-----------fin coupe
<-----------start map_size
<-----------end map_size
<-----------start solo-line read-map
    0123456789012345678901234567890123456789
<xxxxxxxxxxxend solo-line read-map
<-----------start read-map
000 ........................................
001 ........................................
002 ........................................
003 ...O....................................
004 ...OO...................................
005 ....OO..................................
006 .....OOOOOO.............................
007 ........O...............................
008 ........O...............................
009 ........O...............................
010 ........O...............................
011 ......OOO...OOO..OO.....................
012 OOOOOOOOOOOOOOOOOOOOOOOOO...............
013 OOOOOOOOOOOOOOOOOOOOOO..................
014 OOOO.OO...OO...O.O......................
015 ...O.OOOO...............................
016 ........................................
017 ........................................
018 ........................................
019 ................................X.......
020 ........................................
021 ........................................
022 ........................................
023 ........................................
<xxxxxxxxxxx end read-map
ici
<-----------start piece size
Piece 2 3:
<-----------end piece size
<-----------strart read-piece
..*
..*
<-----------end read-piece-->

Get aim : 
data->coo[0] : 12

GO FOR FILL
<---------Coup : 
12 20
<-----------fin coupe
<-----------start map_size
<-----------end map_size
<-----------start solo-line read-map
    0123456789012345678901234567890123456789
<xxxxxxxxxxxend solo-line read-map
<-----------start read-map
000 ........................................
001 ........................................
002 ........................................
003 ...O....................................
004 ...OO...................................
005 ....OO..................................
006 .....OOOOOO.............................
007 ........O...............................
008 ........O...............................
009 ........O...............................
010 ........O...............................
011 ......OOO...OOO..OO.....................
012 OOOOOOOOOOOOOOOOOOOOOOOOO...............
013 OOOOOOOOOOOOOOOOOOOOOOO.................
014 OOOO.OO...OO...O.O......................
015 ...O.OOOO...............................
016 ........................................
017 ........................................
018 ........................................
019 ................................X.......
020 ........................................
021 ........................................
022 ........................................
023 ........................................
<xxxxxxxxxxx end read-map
ici
<-----------start piece size
Piece 3 6:
<-----------end piece size
<-----------strart read-piece
.**...
***...
**....
<-----------end read-piece-->

Get aim : 
data->coo[0] : 12

GO FOR FILL
<---------Coup : 
12 23
<-----------fin coupe
<-----------start map_size
<-----------end map_size
<-----------start solo-line read-map
    0123456789012345678901234567890123456789
<xxxxxxxxxxxend solo-line read-map
<-----------start read-map
000 ........................................
001 ........................................
002 ........................................
003 ...O....................................
004 ...OO...................................
005 ....OO..................................
006 .....OOOOOO.............................
007 ........O...............................
008 ........O...............................
009 ........O...............................
010 ........O...............................
011 ......OOO...OOO..OO.....................
012 OOOOOOOOOOOOOOOOOOOOOOOOOO..............
013 OOOOOOOOOOOOOOOOOOOOOOOOOO..............
014 OOOO.OO...OO...O.O.....OO...............
015 ...O.OOOO...............................
016 ........................................
017 ........................................
018 ........................................
019 ................................X.......
020 ........................................
021 ........................................
022 ........................................
023 ........................................
<xxxxxxxxxxx end read-map
ici
<-----------start piece size
Piece 2 5:
<-----------end piece size
<-----------strart read-piece
...**
..**.
<-----------end read-piece-->

Get aim : 
data->coo[0] : 12

GO FOR FILL
<---------Coup : 
12 23
<-----------fin coupe
<-----------start map_size
<-----------end map_size
<-----------start solo-line read-map
    0123456789012345678901234567890123456789
<xxxxxxxxxxxend solo-line read-map
<-----------start read-map
000 ........................................
001 ........................................
002 ........................................
003 ...O....................................
004 ...OO...................................
005 ....OO..................................
006 .....OOOOOO.............................
007 ........O...............................
008 ........O...............................
009 ........O...............................
010 ........O...............................
011 ......OOO...OOO..OO.....................
012 OOOOOOOOOOOOOOOOOOOOOOOOOOOO............
013 OOOOOOOOOOOOOOOOOOOOOOOOOOO.............
014 OOOO.OO...OO...O.O.....OO...............
015 ...O.OOOO...............................
016 ........................................
017 ........................................
018 ........................................
019 ................................X.......
020 ........................................
021 ........................................
022 ........................................
023 ........................................
<xxxxxxxxxxx end read-map
ici
<-----------start piece size
Piece 3 2:
<-----------end piece size
<-----------strart read-piece
..
*.
*.
<-----------end read-piece-->

Get aim : 
data->coo[0] : 12

GO FOR FILL
<---------Coup : 
12 4
<-----------fin coupe
<-----------start map_size
<-----------end map_size
<-----------start solo-line read-map
    0123456789012345678901234567890123456789
<xxxxxxxxxxxend solo-line read-map
<-----------start read-map
000 ........................................
001 ........................................
002 ........................................
003 ...O....................................
004 ...OO...................................
005 ....OO..................................
006 .....OOOOOO.............................
007 ........O...............................
008 ........O...............................
009 ........O...............................
010 ........O...............................
011 ......OOO...OOO..OO.....................
012 OOOOOOOOOOOOOOOOOOOOOOOOOOOO............
013 OOOOOOOOOOOOOOOOOOOOOOOOOOO.............
014 OOOOOOO...OO...O.O.....OO...............
015 ...O.OOOO...............................
016 ........................................
017 ........................................
018 ........................................
019 ................................X.......
020 ........................................
021 ........................................
022 ........................................
023 ........................................
<xxxxxxxxxxx end read-map
ici
<-----------start piece size
Piece 4 7:
<-----------end piece size
<-----------strart read-piece
.......
..**...
.......
.......
<-----------end read-piece-->

Get aim : 
data->coo[0] : 12

GO FOR FILL
<---------Coup : 
12 24
<-----------fin coupe
<-----------start map_size
<-----------end map_size
<-----------start solo-line read-map
    0123456789012345678901234567890123456789
<xxxxxxxxxxxend solo-line read-map
<-----------start read-map
000 ........................................
001 ........................................
002 ........................................
003 ...O....................................
004 ...OO...................................
005 ....OO..................................
006 .....OOOOOO.............................
007 ........O...............................
008 ........O...............................
009 ........O...............................
010 ........O...............................
011 ......OOO...OOO..OO.....................
012 OOOOOOOOOOOOOOOOOOOOOOOOOOOO............
013 OOOOOOOOOOOOOOOOOOOOOOOOOOOO............
014 OOOOOOO...OO...O.O.....OO...............
015 ...O.OOOO...............................
016 ........................................
017 ........................................
018 ........................................
019 ................................X.......
020 ........................................
021 ........................................
022 ........................................
023 ........................................
<xxxxxxxxxxx end read-map
ici
<-----------start piece size
Piece 1 6:
<-----------end piece size
<-----------strart read-piece
..****
<-----------end read-piece-->

Get aim : 
data->coo[0] : 12

GO FOR FILL
<---------Coup : 
12 25
<-----------fin coupe
<-----------start map_size
<-----------end map_size
<-----------start solo-line read-map
    0123456789012345678901234567890123456789
<xxxxxxxxxxxend solo-line read-map
<-----------start read-map
000 ........................................
001 ........................................
002 ........................................
003 ...O....................................
004 ...OO...................................
005 ....OO..................................
006 .....OOOOOO.............................
007 ........O...............................
008 ........O...............................
009 ........O...............................
010 ........O...............................
011 ......OOO...OOO..OO.....................
012 OOOOOOOOOOOOOOOOOOOOOOOOOOOOOOO.........
013 OOOOOOOOOOOOOOOOOOOOOOOOOOOO............
014 OOOOOOO...OO...O.O.....OO...............
015 ...O.OOOO...............................
016 ........................................
017 ........................................
018 ........................................
019 ................................X.......
020 ........................................
021 ........................................
022 ........................................
023 ........................................
<xxxxxxxxxxx end read-map
ici
<-----------start piece size
Piece 2 3:
<-----------end piece size
<-----------strart read-piece
..*
.**
<-----------end read-piece-->

Get aim : 
data->coo[0] : 12

GO FOR FILL
<---------Coup : 
12 27
<-----------fin coupe
<-----------start map_size
<-----------end map_size
<-----------start solo-line read-map
    0123456789012345678901234567890123456789
<xxxxxxxxxxxend solo-line read-map
<-----------start read-map
000 ........................................
001 ........................................
002 ........................................
003 ...O....................................
004 ...OO...................................
005 ....OO..................................
006 .....OOOOOO.............................
007 ........O...............................
008 ........O...............................
009 ........O...............................
010 ........O...............................
011 ......OOO...OOO..OO.....................
012 OOOOOOOOOOOOOOOOOOOOOOOOOOOOOOO.........
013 OOOOOOOOOOOOOOOOOOOOOOOOOOOOOO..........
014 OOOOOOO...OO...O.O.....OO...............
015 ...O.OOOO...............................
016 ........................................
017 ........................................
018 ........................................
019 ................................X.......
020 ........................................
021 ........................................
022 ........................................
023 ........................................
<xxxxxxxxxxx end read-map
ici
<-----------start piece size
Piece 4 4:
<-----------end piece size
<-----------strart read-piece
..*.
..*.
.***
..*.
<-----------end read-piece-->

Get aim : 
data->coo[0] : 12

GO FOR FILL
<---------Coup : 
12 28
<-----------fin coupe
<-----------start map_size
<-----------end map_size
<-----------start solo-line read-map
    0123456789012345678901234567890123456789
<xxxxxxxxxxxend solo-line read-map
<-----------start read-map
000 ........................................
001 ........................................
002 ........................................
003 ...O....................................
004 ...OO...................................
005 ....OO..................................
006 .....OOOOOO.............................
007 ........O...............................
008 ........O...............................
009 ........O...............................
010 ........O...............................
011 ......OOO...OOO..OO.....................
012 OOOOOOOOOOOOOOOOOOOOOOOOOOOOOOO.........
013 OOOOOOOOOOOOOOOOOOOOOOOOOOOOOOO.........
014 OOOOOOO...OO...O.O.....OO....OOO........
015 ...O.OOOO.....................O.........
016 ........................................
017 ........................................
018 ........................................
019 ................................X.......
020 ........................................
021 ........................................
022 ........................................
023 ........................................
<xxxxxxxxxxx end read-map
ici
<-----------start piece size
Piece 4 3:
<-----------end piece size
<-----------strart read-piece
***
.*.
**.
.*.
<-----------end read-piece-->

Get aim : 
data->coo[0] : 12

GO FOR FILL
<---------Coup : 
12 31
<-----------fin coupe
<-----------start map_size
<-----------end map_size
<-----------start solo-line read-map
    0123456789012345678901234567890123456789
<xxxxxxxxxxxend solo-line read-map
<-----------start read-map
000 ........................................
001 ........................................
002 ........................................
003 ...O....................................
004 ...OO...................................
005 ....OO..................................
006 .....OOOOOO.............................
007 ........O...............................
008 ........O...............................
009 ........O...............................
010 ........O...............................
011 ......OOO...OOO..OO.....................
012 OOOOOOOOOOOOOOOOOOOOOOOOOOOOOOOOOO......
013 OOOOOOOOOOOOOOOOOOOOOOOOOOOOOOO.O.......
014 OOOOOOO...OO...O.O.....OO....OOOO.......
015 ...O.OOOO.....................O.O.......
016 ........................................
017 ........................................
018 ........................................
019 ................................X.......
020 ........................................
021 ........................................
022 ........................................
023 ........................................
<xxxxxxxxxxx end read-map
ici
<-----------start piece size
Piece 4 1:
<-----------end piece size
<-----------strart read-piece
*
*
*
.
<-----------end read-piece-->

Get aim : 
data->coo[0] : 12

GO FOR FILL
<---------Coup : 
12 33
<-----------fin coupe
<-----------start map_size
<-----------end map_size
<-----------start solo-line read-map
    0123456789012345678901234567890123456789
<xxxxxxxxxxxend solo-line read-map
<-----------start read-map
000 ........................................
001 ........................................
002 ........................................
003 ...O....................................
004 ...OO...................................
005 ....OO..................................
006 .....OOOOOO.............................
007 ........O...............................
008 ........O...............................
009 ........O...............................
010 ........O...............................
011 ......OOO...OOO..OO.....................
012 OOOOOOOOOOOOOOOOOOOOOOOOOOOOOOOOOO......
013 OOOOOOOOOOOOOOOOOOOOOOOOOOOOOOO.OO......
014 OOOOOOO...OO...O.O.....OO....OOOOO......
015 ...O.OOOO.....................O.O.......
016 ........................................
017 ........................................
018 ........................................
019 ................................X.......
020 ........................................
021 ........................................
022 ........................................
023 ........................................
<xxxxxxxxxxx end read-map
ici
<-----------start piece size
Piece 1 3:
<-----------end piece size
<-----------strart read-piece
.**
<-----------end read-piece-->

Get aim : 
data->coo[0] : 12

GO FOR FILL
<---------Coup : 
12 32
<-----------fin coupe
<-----------start map_size
<-----------end map_size
<-----------start solo-line read-map
    0123456789012345678901234567890123456789
<xxxxxxxxxxxend solo-line read-map
<-----------start read-map
000 ........................................
001 ........................................
002 ........................................
003 ...O....................................
004 ...OO...................................
005 ....OO..................................
006 .....OOOOOO.............................
007 ........O...............................
008 ........O...............................
009 ........O...............................
010 ........O...............................
011 ......OOO...OOO..OO.....................
012 OOOOOOOOOOOOOOOOOOOOOOOOOOOOOOOOOOO.....
013 OOOOOOOOOOOOOOOOOOOOOOOOOOOOOOO.OO......
014 OOOOOOO...OO...O.O.....OO....OOOOO......
015 ...O.OOOO.....................O.O.......
016 ........................................
017 ........................................
018 ........................................
019 ................................X.......
020 ........................................
021 ........................................
022 ........................................
023 ........................................
<xxxxxxxxxxx end read-map
ici
<-----------start piece size
Piece 1 7:
<-----------end piece size
<-----------strart read-piece
.***...
<-----------end read-piece-->

Get aim : 
data->coo[0] : 12

GO FOR FILL
<---------Coup : 
12 33
<-----------fin coupe
<-----------start map_size
<-----------end map_size
<-----------start solo-line read-map
    0123456789012345678901234567890123456789
<xxxxxxxxxxxend solo-line read-map
<-----------start read-map
000 ........................................
001 ........................................
002 ........................................
003 ...O....................................
004 ...OO...................................
005 ....OO..................................
006 .....OOOOOO.............................
007 ........O...............................
008 ........O...............................
009 ........O...............................
010 ........O...............................
011 ......OOO...OOO..OO.....................
012 OOOOOOOOOOOOOOOOOOOOOOOOOOOOOOOOOOOOO...
013 OOOOOOOOOOOOOOOOOOOOOOOOOOOOOOO.OO......
014 OOOOOOO...OO...O.O.....OO....OOOOO......
015 ...O.OOOO.....................O.O.......
016 ........................................
017 ........................................
018 ........................................
019 ................................X.......
020 ........................................
021 ........................................
022 ........................................
023 ........................................
<xxxxxxxxxxx end read-map
ici
<-----------start piece size
Piece 2 5:
<-----------end piece size
<-----------strart read-piece
..***
..***
<-----------end read-piece-->

Get aim : 
data->coo[0] : 12

GO FOR FILL
<---------Coup : 
12 34
<-----------fin coupe
<-----------start map_size
<-----------end map_size
<-----------start solo-line read-map
    0123456789012345678901234567890123456789
<xxxxxxxxxxxend solo-line read-map
<-----------start read-map
000 ........................................
001 ........................................
002 ........................................
003 ...O....................................
004 ...OO...................................
005 ....OO..................................
006 .....OOOOOO.............................
007 ........O...............................
008 ........O...............................
009 ........O...............................
010 ........O...............................
011 ......OOO...OOO..OO.....................
012 OOOOOOOOOOOOOOOOOOOOOOOOOOOOOOOOOOOOOOO.
013 OOOOOOOOOOOOOOOOOOOOOOOOOOOOOOO.OO..OOO.
014 OOOOOOO...OO...O.O.....OO....OOOOO......
015 ...O.OOOO.....................O.O.......
016 ........................................
017 ........................................
018 ........................................
019 ................................X.......
020 ........................................
021 ........................................
022 ........................................
023 ........................................
<xxxxxxxxxxx end read-map
ici
<-----------start piece size
Piece 4 2:
<-----------end piece size
<-----------strart read-piece
*.
**
**
*.
<-----------end read-piece-->

Get aim : 
data->coo[0] : 12

GO FOR FILL
<---------Coup : 
12 34
<-----------fin coupe
<-----------start map_size
<-----------end map_size
<-----------start solo-line read-map
    0123456789012345678901234567890123456789
<xxxxxxxxxxxend solo-line read-map
<-----------start read-map
000 ........................................
001 ........................................
002 ........................................
003 ...O....................................
004 ...OO...................................
005 ....OO..................................
006 .....OOOOOO.............................
007 ........O...............................
008 ........O...............................
009 ........O...............................
010 ........O...............................
011 ......OOO...OOO..OO.....................
012 OOOOOOOOOOOOOOOOOOOOOOOOOOOOOOOOOOOOOOO.
013 OOOOOOOOOOOOOOOOOOOOOOOOOOOOOOO.OOOOOOO.
014 OOOOOOO...OO...O.O.....OO....OOOOOOO....
015 ...O.OOOO.....................O.O.O.....
016 ........................................
017 ........................................
018 ........................................
019 ................................X.......
020 ........................................
021 ........................................
022 ........................................
023 ........................................
<xxxxxxxxxxx end read-map
ici
<-----------start piece size
Piece 4 5:
<-----------end piece size
<-----------strart read-piece
**...
.....
.....
.....
<-----------end read-piece-->

Get aim : 
data->coo[0] : 12

GO FOR FILL
<---------Coup : 
11 5
<-----------fin coupe
<-----------start map_size
<-----------end map_size
<-----------start solo-line read-map
    0123456789012345678901234567890123456789
<xxxxxxxxxxxend solo-line read-map
<-----------start read-map
000 ........................................
001 ........................................
002 ........................................
003 ...O....................................
004 ...OO...................................
005 ....OO..................................
006 .....OOOOOO.............................
007 ........O...............................
008 ........O...............................
009 ........O...............................
010 ........O...............................
011 .....OOOO...OOO..OO.....................
012 OOOOOOOOOOOOOOOOOOOOOOOOOOOOOOOOOOOOOOO.
013 OOOOOOOOOOOOOOOOOOOOOOOOOOOOOOO.OOOOOOO.
014 OOOOOOO...OO...O.O.....OO....OOOOOOO....
015 ...O.OOOO.....................O.O.O.....
016 ........................................
017 ........................................
018 ........................................
019 ................................X.......
020 ........................................
021 ........................................
022 ........................................
023 ........................................
<xxxxxxxxxxx end read-map
ici
<-----------start piece size
Piece 3 1:
<-----------end piece size
<-----------strart read-piece
*
*
*
<-----------end read-piece-->

Get aim : 
data->coo[0] : 11

GO FOR FILL
<---------Coup : 
11 31
<-----------fin coupe
<-----------start map_size
<-----------end map_size
<-----------start solo-line read-map
    0123456789012345678901234567890123456789
<xxxxxxxxxxxend solo-line read-map
<-----------start read-map
000 ........................................
001 ........................................
002 ........................................
003 ...O....................................
004 ...OO...................................
005 ....OO..................................
006 .....OOOOOO.............................
007 ........O...............................
008 ........O...............................
009 ........O...............................
010 ........O...............................
011 .....OOOO...OOO..OO............O........
012 OOOOOOOOOOOOOOOOOOOOOOOOOOOOOOOOOOOOOOO.
013 OOOOOOOOOOOOOOOOOOOOOOOOOOOOOOOOOOOOOOO.
014 OOOOOOO...OO...O.O.....OO....OOOOOOO....
015 ...O.OOOO.....................O.O.O.....
016 ........................................
017 ........................................
018 ........................................
019 ................................X.......
020 ........................................
021 ........................................
022 ........................................
023 ........................................
<xxxxxxxxxxx end read-map
ici
<-----------start piece size
Piece 1 4:
<-----------end piece size
<-----------strart read-piece
.**.
<-----------end read-piece-->

Get aim : 
data->coo[0] : 11

GO FOR FILL
<---------Coup : 
11 3
<-----------fin coupe
<-----------start map_size
<-----------end map_size
<-----------start solo-line read-map
    0123456789012345678901234567890123456789
<xxxxxxxxxxxend solo-line read-map
<-----------start read-map
000 ........................................
001 ........................................
002 ........................................
003 ...O....................................
004 ...OO...................................
005 ....OO..................................
006 .....OOOOOO.............................
007 ........O...............................
008 ........O...............................
009 ........O...............................
010 ........O...............................
011 ....OOOOO...OOO..OO............O........
012 OOOOOOOOOOOOOOOOOOOOOOOOOOOOOOOOOOOOOOO.
013 OOOOOOOOOOOOOOOOOOOOOOOOOOOOOOOOOOOOOOO.
014 OOOOOOO...OO...O.O.....OO....OOOOOOO....
015 ...O.OOOO.....................O.O.O.....
016 ........................................
017 ........................................
018 ........................................
019 ................................X.......
020 ........................................
021 ........................................
022 ........................................
023 ........................................
<xxxxxxxxxxx end read-map
ici
<-----------start piece size
Piece 2 3:
<-----------end piece size
<-----------strart read-piece
.**
...
<-----------end read-piece-->

Get aim : 
data->coo[0] : 11

GO FOR FILL
<---------Coup : 
11 2
<-----------fin coupe
<-----------start map_size
<-----------end map_size
<-----------start solo-line read-map
    0123456789012345678901234567890123456789
<xxxxxxxxxxxend solo-line read-map
<-----------start read-map
000 ........................................
001 ........................................
002 ........................................
003 ...O....................................
004 ...OO...................................
005 ....OO..................................
006 .....OOOOOO.............................
007 ........O...............................
008 ........O...............................
009 ........O...............................
010 ........O...............................
011 ...OOOOOO...OOO..OO............O........
012 OOOOOOOOOOOOOOOOOOOOOOOOOOOOOOOOOOOOOOO.
013 OOOOOOOOOOOOOOOOOOOOOOOOOOOOOOOOOOOOOOO.
014 OOOOOOO...OO...O.O.....OO....OOOOOOO....
015 ...O.OOOO.....................O.O.O.....
016 ........................................
017 ........................................
018 ........................................
019 ................................X.......
020 ........................................
021 ........................................
022 ........................................
023 ........................................
<xxxxxxxxxxx end read-map
ici
<-----------start piece size
Piece 4 7:
<-----------end piece size
<-----------strart read-piece
.....**
....**.
.....*.
.....*.
<-----------end read-piece-->

Get aim : 
data->coo[0] : 11

GO FOR FILL
<---------Coup : 
12 34
<-----------fin coupe
<-----------start map_size
<-----------end map_size
<-----------start solo-line read-map
    0123456789012345678901234567890123456789
<xxxxxxxxxxxend solo-line read-map
<-----------start read-map
000 ........................................
001 ........................................
002 ........................................
003 ...O....................................
004 ...OO...................................
005 ....OO..................................
006 .....OOOOOO.............................
007 ........O...............................
008 ........O...............................
009 ........O...............................
010 ........O...............................
011 ...OOOOOO...OOO..OO............O........
012 OOOOOOOOOOOOOOOOOOOOOOOOOOOOOOOOOOOOOOOOO
013 OOOOOOOOOOOOOOOOOOOOOOOOOOOOOOOOOOOOOOOO
014 OOOOOOO...OO...O.O.....OO....OOOOOOO...O
015 ...O.OOOO.....................O.O.O....O
016 ........................................
017 ........................................
018 ........................................
019 ................................X.......
020 ........................................
021 ........................................
022 ........................................
023 ........................................
<xxxxxxxxxxx end read-map
<map error

ici
<-----------start piece size
Piece 2 2:
<-----------end piece size
<-----------strart read-piece
.*
**
<-----------end read-piece-->

Get aim : 
data->coo[0] : 12

GO FOR FILL
<---------Coup : 
10 2
<-----------fin coupe
